W: 目标 Packages (main/binary-arm64/Packages) 在 /etc/apt/sources.list.d/realman_ros2.list:2 和 /etc/apt/sources.list.d/ros-fish.list:2 中被配置了多次
W: 目标 Packages (main/binary-all/Packages) 在 /etc/apt/sources.list.d/realman_ros2.list:2 和 /etc/apt/sources.list.d/ros-fish.list:2 中被配置了多次
W: 目标 Translations (main/i18n/Translation-zh_CN) 在 /etc/apt/sources.list.d/realman_ros2.list:2 和 /etc/apt/sources.list.d/ros-fish.list:2 中被配置了多次
W: 目标 Translations (main/i18n/Translation-zh) 在 /etc/apt/sources.list.d/realman_ros2.list:2 和 /etc/apt/sources.list.d/ros-fish.list:2 中被配置了多次
W: 目标 Translations (main/i18n/Translation-en) 在 /etc/apt/sources.list.d/realman_ros2.list:2 和 /etc/apt/sources.list.d/ros-fish.list:2 中被配置了多次
W: 目标 DEP-11 (main/dep11/Components-arm64.yml) 在 /etc/apt/sources.list.d/realman_ros2.list:2 和 /etc/apt/sources.list.d/ros-fish.list:2 中被配置了多次
W: 目标 DEP-11 (main/dep11/Components-all.yml) 在 /etc/apt/sources.list.d/realman_ros2.list:2 和 /etc/apt/sources.list.d/ros-fish.list:2 中被配置了多次
W: 目标 DEP-11-icons-small (main/dep11/icons-48x48.tar) 在 /etc/apt/sources.list.d/realman_ros2.list:2 和 /etc/apt/sources.list.d/ros-fish.list:2 中被配置了多次
W: 目标 DEP-11-icons (main/dep11/icons-64x64.tar) 在 /etc/apt/sources.list.d/realman_ros2.list:2 和 /etc/apt/sources.list.d/ros-fish.list:2 中被配置了多次
W: 目标 DEP-11-icons-hidpi (main/dep11/icons-64x64@2.tar) 在 /etc/apt/sources.list.d/realman_ros2.list:2 和 /etc/apt/sources.list.d/ros-fish.list:2 中被配置了多次
W: 目标 Packages (main/binary-arm64/Packages) 在 /etc/apt/sources.list.d/realman_ros2.list:2 和 /etc/apt/sources.list.d/ros-fish.list:2 中被配置了多次
W: 目标 Packages (main/binary-all/Packages) 在 /etc/apt/sources.list.d/realman_ros2.list:2 和 /etc/apt/sources.list.d/ros-fish.list:2 中被配置了多次
W: 目标 Translations (main/i18n/Translation-zh_CN) 在 /etc/apt/sources.list.d/realman_ros2.list:2 和 /etc/apt/sources.list.d/ros-fish.list:2 中被配置了多次
W: 目标 Translations (main/i18n/Translation-zh) 在 /etc/apt/sources.list.d/realman_ros2.list:2 和 /etc/apt/sources.list.d/ros-fish.list:2 中被配置了多次
W: 目标 Translations (main/i18n/Translation-en) 在 /etc/apt/sources.list.d/realman_ros2.list:2 和 /etc/apt/sources.list.d/ros-fish.list:2 中被配置了多次
W: 目标 DEP-11 (main/dep11/Components-arm64.yml) 在 /etc/apt/sources.list.d/realman_ros2.list:2 和 /etc/apt/sources.list.d/ros-fish.list:2 中被配置了多次
W: 目标 DEP-11 (main/dep11/Components-all.yml) 在 /etc/apt/sources.list.d/realman_ros2.list:2 和 /etc/apt/sources.list.d/ros-fish.list:2 中被配置了多次
W: 目标 DEP-11-icons-small (main/dep11/icons-48x48.tar) 在 /etc/apt/sources.list.d/realman_ros2.list:2 和 /etc/apt/sources.list.d/ros-fish.list:2 中被配置了多次
W: 目标 DEP-11-icons (main/dep11/icons-64x64.tar) 在 /etc/apt/sources.list.d/realman_ros2.list:2 和 /etc/apt/sources.list.d/ros-fish.list:2 中被配置了多次
W: 目标 DEP-11-icons-hidpi (main/dep11/icons-64x64@2.tar) 在 /etc/apt/sources.list.d/realman_ros2.list:2 和 /etc/apt/sources.list.d/ros-fish.list:2 中被配置了多次
W: 目标 Packages (main/binary-arm64/Packages) 在 /etc/apt/sources.list.d/realman_ros2.list:2 和 /etc/apt/sources.list.d/ros-fish.list:2 中被配置了多次
W: 目标 Packages (main/binary-all/Packages) 在 /etc/apt/sources.list.d/realman_ros2.list:2 和 /etc/apt/sources.list.d/ros-fish.list:2 中被配置了多次
W: 目标 Translations (main/i18n/Translation-zh_CN) 在 /etc/apt/sources.list.d/realman_ros2.list:2 和 /etc/apt/sources.list.d/ros-fish.list:2 中被配置了多次
W: 目标 Translations (main/i18n/Translation-zh) 在 /etc/apt/sources.list.d/realman_ros2.list:2 和 /etc/apt/sources.list.d/ros-fish.list:2 中被配置了多次
W: 目标 Translations (main/i18n/Translation-en) 在 /etc/apt/sources.list.d/realman_ros2.list:2 和 /etc/apt/sources.list.d/ros-fish.list:2 中被配置了多次
W: 目标 DEP-11 (main/dep11/Components-arm64.yml) 在 /etc/apt/sources.list.d/realman_ros2.list:2 和 /etc/apt/sources.list.d/ros-fish.list:2 中被配置了多次
W: 目标 DEP-11 (main/dep11/Components-all.yml) 在 /etc/apt/sources.list.d/realman_ros2.list:2 和 /etc/apt/sources.list.d/ros-fish.list:2 中被配置了多次
W: 目标 DEP-11-icons-small (main/dep11/icons-48x48.tar) 在 /etc/apt/sources.list.d/realman_ros2.list:2 和 /etc/apt/sources.list.d/ros-fish.list:2 中被配置了多次
W: 目标 DEP-11-icons (main/dep11/icons-64x64.tar) 在 /etc/apt/sources.list.d/realman_ros2.list:2 和 /etc/apt/sources.list.d/ros-fish.list:2 中被配置了多次
W: 目标 DEP-11-icons-hidpi (main/dep11/icons-64x64@2.tar) 在 /etc/apt/sources.list.d/realman_ros2.list:2 和 /etc/apt/sources.list.d/ros-fish.list:2 中被配置了多次
debconf: 因为并未安装 apt-utils，所以软件包的设定过程将被推迟
W: 目标 Packages (main/binary-arm64/Packages) 在 /etc/apt/sources.list.d/realman_ros2.list:2 和 /etc/apt/sources.list.d/ros-fish.list:2 中被配置了多次
W: 目标 Packages (main/binary-all/Packages) 在 /etc/apt/sources.list.d/realman_ros2.list:2 和 /etc/apt/sources.list.d/ros-fish.list:2 中被配置了多次
W: 目标 Translations (main/i18n/Translation-zh_CN) 在 /etc/apt/sources.list.d/realman_ros2.list:2 和 /etc/apt/sources.list.d/ros-fish.list:2 中被配置了多次
W: 目标 Translations (main/i18n/Translation-zh) 在 /etc/apt/sources.list.d/realman_ros2.list:2 和 /etc/apt/sources.list.d/ros-fish.list:2 中被配置了多次
W: 目标 Translations (main/i18n/Translation-en) 在 /etc/apt/sources.list.d/realman_ros2.list:2 和 /etc/apt/sources.list.d/ros-fish.list:2 中被配置了多次
W: 目标 DEP-11 (main/dep11/Components-arm64.yml) 在 /etc/apt/sources.list.d/realman_ros2.list:2 和 /etc/apt/sources.list.d/ros-fish.list:2 中被配置了多次
W: 目标 DEP-11 (main/dep11/Components-all.yml) 在 /etc/apt/sources.list.d/realman_ros2.list:2 和 /etc/apt/sources.list.d/ros-fish.list:2 中被配置了多次
W: 目标 DEP-11-icons-small (main/dep11/icons-48x48.tar) 在 /etc/apt/sources.list.d/realman_ros2.list:2 和 /etc/apt/sources.list.d/ros-fish.list:2 中被配置了多次
W: 目标 DEP-11-icons (main/dep11/icons-64x64.tar) 在 /etc/apt/sources.list.d/realman_ros2.list:2 和 /etc/apt/sources.list.d/ros-fish.list:2 中被配置了多次
W: 目标 DEP-11-icons-hidpi (main/dep11/icons-64x64@2.tar) 在 /etc/apt/sources.list.d/realman_ros2.list:2 和 /etc/apt/sources.list.d/ros-fish.list:2 中被配置了多次
W: 目标 Packages (main/binary-arm64/Packages) 在 /etc/apt/sources.list.d/realman_ros2.list:2 和 /etc/apt/sources.list.d/ros-fish.list:2 中被配置了多次
W: 目标 Packages (main/binary-all/Packages) 在 /etc/apt/sources.list.d/realman_ros2.list:2 和 /etc/apt/sources.list.d/ros-fish.list:2 中被配置了多次
W: 目标 Translations (main/i18n/Translation-zh_CN) 在 /etc/apt/sources.list.d/realman_ros2.list:2 和 /etc/apt/sources.list.d/ros-fish.list:2 中被配置了多次
W: 目标 Translations (main/i18n/Translation-zh) 在 /etc/apt/sources.list.d/realman_ros2.list:2 和 /etc/apt/sources.list.d/ros-fish.list:2 中被配置了多次
W: 目标 Translations (main/i18n/Translation-en) 在 /etc/apt/sources.list.d/realman_ros2.list:2 和 /etc/apt/sources.list.d/ros-fish.list:2 中被配置了多次
W: 目标 DEP-11 (main/dep11/Components-arm64.yml) 在 /etc/apt/sources.list.d/realman_ros2.list:2 和 /etc/apt/sources.list.d/ros-fish.list:2 中被配置了多次
W: 目标 DEP-11 (main/dep11/Components-all.yml) 在 /etc/apt/sources.list.d/realman_ros2.list:2 和 /etc/apt/sources.list.d/ros-fish.list:2 中被配置了多次
W: 目标 DEP-11-icons-small (main/dep11/icons-48x48.tar) 在 /etc/apt/sources.list.d/realman_ros2.list:2 和 /etc/apt/sources.list.d/ros-fish.list:2 中被配置了多次
W: 目标 DEP-11-icons (main/dep11/icons-64x64.tar) 在 /etc/apt/sources.list.d/realman_ros2.list:2 和 /etc/apt/sources.list.d/ros-fish.list:2 中被配置了多次
W: 目标 DEP-11-icons-hidpi (main/dep11/icons-64x64@2.tar) 在 /etc/apt/sources.list.d/realman_ros2.list:2 和 /etc/apt/sources.list.d/ros-fish.list:2 中被配置了多次
W: 目标 Packages (main/binary-arm64/Packages) 在 /etc/apt/sources.list.d/realman_ros2.list:2 和 /etc/apt/sources.list.d/ros-fish.list:2 中被配置了多次
W: 目标 Packages (main/binary-all/Packages) 在 /etc/apt/sources.list.d/realman_ros2.list:2 和 /etc/apt/sources.list.d/ros-fish.list:2 中被配置了多次
W: 目标 Translations (main/i18n/Translation-zh_CN) 在 /etc/apt/sources.list.d/realman_ros2.list:2 和 /etc/apt/sources.list.d/ros-fish.list:2 中被配置了多次
W: 目标 Translations (main/i18n/Translation-zh) 在 /etc/apt/sources.list.d/realman_ros2.list:2 和 /etc/apt/sources.list.d/ros-fish.list:2 中被配置了多次
W: 目标 Translations (main/i18n/Translation-en) 在 /etc/apt/sources.list.d/realman_ros2.list:2 和 /etc/apt/sources.list.d/ros-fish.list:2 中被配置了多次
W: 目标 DEP-11 (main/dep11/Components-arm64.yml) 在 /etc/apt/sources.list.d/realman_ros2.list:2 和 /etc/apt/sources.list.d/ros-fish.list:2 中被配置了多次
W: 目标 DEP-11 (main/dep11/Components-all.yml) 在 /etc/apt/sources.list.d/realman_ros2.list:2 和 /etc/apt/sources.list.d/ros-fish.list:2 中被配置了多次
W: 目标 DEP-11-icons-small (main/dep11/icons-48x48.tar) 在 /etc/apt/sources.list.d/realman_ros2.list:2 和 /etc/apt/sources.list.d/ros-fish.list:2 中被配置了多次
W: 目标 DEP-11-icons (main/dep11/icons-64x64.tar) 在 /etc/apt/sources.list.d/realman_ros2.list:2 和 /etc/apt/sources.list.d/ros-fish.list:2 中被配置了多次
W: 目标 DEP-11-icons-hidpi (main/dep11/icons-64x64@2.tar) 在 /etc/apt/sources.list.d/realman_ros2.list:2 和 /etc/apt/sources.list.d/ros-fish.list:2 中被配置了多次
W: 目标 Packages (main/binary-arm64/Packages) 在 /etc/apt/sources.list.d/realman_ros2.list:2 和 /etc/apt/sources.list.d/ros-fish.list:2 中被配置了多次
W: 目标 Packages (main/binary-all/Packages) 在 /etc/apt/sources.list.d/realman_ros2.list:2 和 /etc/apt/sources.list.d/ros-fish.list:2 中被配置了多次
W: 目标 Translations (main/i18n/Translation-zh_CN) 在 /etc/apt/sources.list.d/realman_ros2.list:2 和 /etc/apt/sources.list.d/ros-fish.list:2 中被配置了多次
W: 目标 Translations (main/i18n/Translation-zh) 在 /etc/apt/sources.list.d/realman_ros2.list:2 和 /etc/apt/sources.list.d/ros-fish.list:2 中被配置了多次
W: 目标 Translations (main/i18n/Translation-en) 在 /etc/apt/sources.list.d/realman_ros2.list:2 和 /etc/apt/sources.list.d/ros-fish.list:2 中被配置了多次
W: 目标 DEP-11 (main/dep11/Components-arm64.yml) 在 /etc/apt/sources.list.d/realman_ros2.list:2 和 /etc/apt/sources.list.d/ros-fish.list:2 中被配置了多次
W: 目标 DEP-11 (main/dep11/Components-all.yml) 在 /etc/apt/sources.list.d/realman_ros2.list:2 和 /etc/apt/sources.list.d/ros-fish.list:2 中被配置了多次
W: 目标 DEP-11-icons-small (main/dep11/icons-48x48.tar) 在 /etc/apt/sources.list.d/realman_ros2.list:2 和 /etc/apt/sources.list.d/ros-fish.list:2 中被配置了多次
W: 目标 DEP-11-icons (main/dep11/icons-64x64.tar) 在 /etc/apt/sources.list.d/realman_ros2.list:2 和 /etc/apt/sources.list.d/ros-fish.list:2 中被配置了多次
W: 目标 DEP-11-icons-hidpi (main/dep11/icons-64x64@2.tar) 在 /etc/apt/sources.list.d/realman_ros2.list:2 和 /etc/apt/sources.list.d/ros-fish.list:2 中被配置了多次
debconf: 因为并未安装 apt-utils，所以软件包的设定过程将被推迟
debconf: 因为并未安装 apt-utils，所以软件包的设定过程将被推迟
debconf: 因为并未安装 apt-utils，所以软件包的设定过程将被推迟
debconf: 因为并未安装 apt-utils，所以软件包的设定过程将被推迟
WARNING: Running pip as the 'root' user can result in broken permissions and conflicting behaviour with the system package manager. It is recommended to use a virtual environment instead: https://pip.pypa.io/warnings/venv

[notice] A new release of pip is available: 24.0 -> 25.0.1
[notice] To update, run: python3 -m pip install --upgrade pip
WARNING: Running pip as the 'root' user can result in broken permissions and conflicting behaviour with the system package manager. It is recommended to use a virtual environment instead: https://pip.pypa.io/warnings/venv

[notice] A new release of pip is available: 24.0 -> 25.0.1
[notice] To update, run: python3 -m pip install --upgrade pip
W: 目标 Packages (main/binary-arm64/Packages) 在 /etc/apt/sources.list.d/realman_ros2.list:2 和 /etc/apt/sources.list.d/ros-fish.list:2 中被配置了多次
W: 目标 Packages (main/binary-all/Packages) 在 /etc/apt/sources.list.d/realman_ros2.list:2 和 /etc/apt/sources.list.d/ros-fish.list:2 中被配置了多次
W: 目标 Translations (main/i18n/Translation-zh_CN) 在 /etc/apt/sources.list.d/realman_ros2.list:2 和 /etc/apt/sources.list.d/ros-fish.list:2 中被配置了多次
W: 目标 Translations (main/i18n/Translation-zh) 在 /etc/apt/sources.list.d/realman_ros2.list:2 和 /etc/apt/sources.list.d/ros-fish.list:2 中被配置了多次
W: 目标 Translations (main/i18n/Translation-en) 在 /etc/apt/sources.list.d/realman_ros2.list:2 和 /etc/apt/sources.list.d/ros-fish.list:2 中被配置了多次
W: 目标 DEP-11 (main/dep11/Components-arm64.yml) 在 /etc/apt/sources.list.d/realman_ros2.list:2 和 /etc/apt/sources.list.d/ros-fish.list:2 中被配置了多次
W: 目标 DEP-11 (main/dep11/Components-all.yml) 在 /etc/apt/sources.list.d/realman_ros2.list:2 和 /etc/apt/sources.list.d/ros-fish.list:2 中被配置了多次
W: 目标 DEP-11-icons-small (main/dep11/icons-48x48.tar) 在 /etc/apt/sources.list.d/realman_ros2.list:2 和 /etc/apt/sources.list.d/ros-fish.list:2 中被配置了多次
W: 目标 DEP-11-icons (main/dep11/icons-64x64.tar) 在 /etc/apt/sources.list.d/realman_ros2.list:2 和 /etc/apt/sources.list.d/ros-fish.list:2 中被配置了多次
W: 目标 DEP-11-icons-hidpi (main/dep11/icons-64x64@2.tar) 在 /etc/apt/sources.list.d/realman_ros2.list:2 和 /etc/apt/sources.list.d/ros-fish.list:2 中被配置了多次
W: 目标 Packages (main/binary-arm64/Packages) 在 /etc/apt/sources.list.d/realman_ros2.list:2 和 /etc/apt/sources.list.d/ros-fish.list:2 中被配置了多次
W: 目标 Packages (main/binary-all/Packages) 在 /etc/apt/sources.list.d/realman_ros2.list:2 和 /etc/apt/sources.list.d/ros-fish.list:2 中被配置了多次
W: 目标 Translations (main/i18n/Translation-zh_CN) 在 /etc/apt/sources.list.d/realman_ros2.list:2 和 /etc/apt/sources.list.d/ros-fish.list:2 中被配置了多次
W: 目标 Translations (main/i18n/Translation-zh) 在 /etc/apt/sources.list.d/realman_ros2.list:2 和 /etc/apt/sources.list.d/ros-fish.list:2 中被配置了多次
W: 目标 Translations (main/i18n/Translation-en) 在 /etc/apt/sources.list.d/realman_ros2.list:2 和 /etc/apt/sources.list.d/ros-fish.list:2 中被配置了多次
W: 目标 DEP-11 (main/dep11/Components-arm64.yml) 在 /etc/apt/sources.list.d/realman_ros2.list:2 和 /etc/apt/sources.list.d/ros-fish.list:2 中被配置了多次
W: 目标 DEP-11 (main/dep11/Components-all.yml) 在 /etc/apt/sources.list.d/realman_ros2.list:2 和 /etc/apt/sources.list.d/ros-fish.list:2 中被配置了多次
W: 目标 DEP-11-icons-small (main/dep11/icons-48x48.tar) 在 /etc/apt/sources.list.d/realman_ros2.list:2 和 /etc/apt/sources.list.d/ros-fish.list:2 中被配置了多次
W: 目标 DEP-11-icons (main/dep11/icons-64x64.tar) 在 /etc/apt/sources.list.d/realman_ros2.list:2 和 /etc/apt/sources.list.d/ros-fish.list:2 中被配置了多次
W: 目标 DEP-11-icons-hidpi (main/dep11/icons-64x64@2.tar) 在 /etc/apt/sources.list.d/realman_ros2.list:2 和 /etc/apt/sources.list.d/ros-fish.list:2 中被配置了多次
